This is pdfTeX, Version 3.141592653-2.6-1.40.25 (MiKTeX 23.5) (preloaded format=pdflatex 2023.8.31)  5 OCT 2023 12:34
entering extended mode
 restricted \write18 enabled.
 %&-line parsing enabled.
**"./FRIENDS NIGHT.tex"
(FRIENDS NIGHT.tex
LaTeX2e <2023-06-01> patch level 1
L3 programming layer <2023-08-11>
(C:\Users\luise\AppData\Local\Programs\MiKTeX\tex/latex/base\article.cls
Document Class: article 2023/05/17 v1.4n Standard LaTeX document class
(C:\Users\luise\AppData\Local\Programs\MiKTeX\tex/latex/base\size12.clo
File: size12.clo 2023/05/17 v1.4n Standard LaTeX file (size option)
)
\c@part=\count185
\c@section=\count186
\c@subsection=\count187
\c@subsubsection=\count188
\c@paragraph=\count189
\c@subparagraph=\count190
\c@figure=\count191
\c@table=\count192
\abovecaptionskip=\skip48
\belowcaptionskip=\skip49
\bibindent=\dimen140
)
(C:\Users\luise\AppData\Local\Programs\MiKTeX\tex/latex/tree-dvips\tree-dvips.s
ty
tree-dvips version .91 of May 16, 1995
\nodemargin=\dimen141
\treelinewidth=\dimen142
\dashlength=\dimen143
\arrowwidth=\dimen144
\arrowlength=\dimen145
\arrowinset=\dimen146
\pos@t=\toks17
\pos@b=\toks18
\pos@l=\toks19
\pos@r=\toks20
\pos@tl=\toks21
\pos@tr=\toks22
\pos@bl=\toks23
\pos@br=\toks24
\@arrow=\count193
\@tempdimc=\dimen147
)
(C:\Users\luise\AppData\Local\Programs\MiKTeX\tex/latex/tree-dvips\lingmacros.s
ty
\c@enums=\count194
\widelabel=\dimen148
\c@tempcnt=\count195
\c@enumsi=\count196
\eeindent=\dimen149
) (C:\Users\luise\AppData\Local\Programs\MiKTeX\tex/latex/base\inputenc.sty
Package: inputenc 2021/02/14 v1.3d Input encoding file
\inpenc@prehook=\toks25
\inpenc@posthook=\toks26
)
(C:\Users\luise\AppData\Local\Programs\MiKTeX\tex/generic/babel\babel.sty
Package: babel 2023/07/15 v3.92 The Babel package
\babel@savecnt=\count197
\U@D=\dimen150
\l@unhyphenated=\language79

(C:\Users\luise\AppData\Local\Programs\MiKTeX\tex/generic/babel\txtbabel.def)
\bbl@readstream=\read2
\bbl@dirlevel=\count198

*************************************
* Local config file bblopts.cfg used
*
(C:\Users\luise\AppData\Local\Programs\MiKTeX\tex/latex/arabi\bblopts.cfg
File: bblopts.cfg 2005/09/08 v0.1 add Arabic and Farsi to "declared" options of
 babel
)
(C:\Users\luise\AppData\Local\Programs\MiKTeX\tex/latex/babel-spanish\spanish.l
df
Language: spanish.ldf 2021/05/27 v5.0q Spanish support from the babel system
\es@quottoks=\toks27
\es@quotdepth=\count199
Package babel Info: Making " an active character on input line 570.
Package babel Info: Making . an active character on input line 675.
Package babel Info: Making < an active character on input line 722.
Package babel Info: Making > an active character on input line 722.
))
(C:\Users\luise\AppData\Local\Programs\MiKTeX\tex/generic/babel/locale/es\babel
-spanish.tex
Package babel Info: Importing font and identification data for spanish
(babel)             from babel-es.ini. Reported on input line 11.
)
(C:\Users\luise\AppData\Local\Programs\MiKTeX\tex/latex/graphics\graphicx.sty
Package: graphicx 2021/09/16 v1.2d Enhanced LaTeX Graphics (DPC,SPQR)

(C:\Users\luise\AppData\Local\Programs\MiKTeX\tex/latex/graphics\keyval.sty
Package: keyval 2022/05/29 v1.15 key=value parser (DPC)
\KV@toks@=\toks28
)
(C:\Users\luise\AppData\Local\Programs\MiKTeX\tex/latex/graphics\graphics.sty
Package: graphics 2022/03/10 v1.4e Standard LaTeX Graphics (DPC,SPQR)

(C:\Users\luise\AppData\Local\Programs\MiKTeX\tex/latex/graphics\trig.sty
Package: trig 2021/08/11 v1.11 sin cos tan (DPC)
)
(C:\Users\luise\AppData\Local\Programs\MiKTeX\tex/latex/graphics-cfg\graphics.c
fg
File: graphics.cfg 2016/06/04 v1.11 sample graphics configuration
)
Package graphics Info: Driver file: pdftex.def on input line 107.

(C:\Users\luise\AppData\Local\Programs\MiKTeX\tex/latex/graphics-def\pdftex.def
File: pdftex.def 2022/09/22 v1.2b Graphics/color driver for pdftex
))
\Gin@req@height=\dimen151
\Gin@req@width=\dimen152
)
(C:\Users\luise\AppData\Local\Programs\MiKTeX\tex/latex/l3backend\l3backend-pdf
tex.def
File: l3backend-pdftex.def 2023-04-19 L3 backend support: PDF output (pdfTeX)
\l__color_backend_stack_int=\count266
\l__pdf_internal_box=\box51
) (FRIENDS NIGHT.aux
LaTeX Info: Redefining \. on input line 8.
LaTeX Info: Redefining \% on input line 8.


LaTeX Warning: Label `DSFNC' multiply defined.


LaTeX Warning: Label `DSFNC' multiply defined.


LaTeX Warning: Label `DSFNC' multiply defined.

)
\openout1 = `"FRIENDS NIGHT.aux"'.

LaTeX Font Info:    Checking defaults for OML/cmm/m/it on input line 8.
LaTeX Font Info:    ... okay on input line 8.
LaTeX Font Info:    Checking defaults for OMS/cmsy/m/n on input line 8.
LaTeX Font Info:    ... okay on input line 8.
LaTeX Font Info:    Checking defaults for OT1/cmr/m/n on input line 8.
LaTeX Font Info:    ... okay on input line 8.
LaTeX Font Info:    Checking defaults for T1/cmr/m/n on input line 8.
LaTeX Font Info:    ... okay on input line 8.
LaTeX Font Info:    Checking defaults for TS1/cmr/m/n on input line 8.
LaTeX Font Info:    ... okay on input line 8.
LaTeX Font Info:    Checking defaults for OMX/cmex/m/n on input line 8.
LaTeX Font Info:    ... okay on input line 8.
LaTeX Font Info:    Checking defaults for U/cmr/m/n on input line 8.
LaTeX Font Info:    ... okay on input line 8.
LaTeX Info: Redefining \. on input line 8.
LaTeX Info: Redefining \% on input line 8.

(C:\Users\luise\AppData\Local\Programs\MiKTeX\tex/context/base/mkii\supp-pdf.mk
ii
[Loading MPS to PDF converter (version 2006.09.02).]
\scratchcounter=\count267
\scratchdimen=\dimen153
\scratchbox=\box52
\nofMPsegments=\count268
\nofMParguments=\count269
\everyMPshowfont=\toks29
\MPscratchCnt=\count270
\MPscratchDim=\dimen154
\MPnumerator=\count271
\makeMPintoPDFobject=\count272
\everyMPtoPDFconversion=\toks30
)
(C:\Users\luise\AppData\Local\Programs\MiKTeX\tex/latex/epstopdf-pkg\epstopdf-b
ase.sty
Package: epstopdf-base 2020-01-24 v2.11 Base part for package epstopdf
Package epstopdf-base Info: Redefining graphics rule for `.eps' on input line 4
85.

(C:\Users\luise\AppData\Local\Programs\MiKTeX\tex/latex/00miktex\epstopdf-sys.c
fg
File: epstopdf-sys.cfg 2021/03/18 v2.0 Configuration of epstopdf for MiKTeX
))
LaTeX Font Info:    External font `cmex10' loaded for size
(Font)              <14.4> on input line 15.
LaTeX Font Info:    External font `cmex10' loaded for size
(Font)              <7> on input line 15.
 [1


Non-PDF special ignored!
<special> header=tree-dvips91.pro
{C:/Users/luise/AppData/Local/MiKTeX/fonts/map/pdftex/pdftex.map}]
(FRIENDS NIGHT.toc
LaTeX Info: Redefining \. on input line 1.
LaTeX Info: Redefining \% on input line 1.
LaTeX Font Info:    External font `cmex10' loaded for size
(Font)              <12> on input line 4.
LaTeX Font Info:    External font `cmex10' loaded for size
(Font)              <8> on input line 4.
LaTeX Font Info:    External font `cmex10' loaded for size
(Font)              <6> on input line 4.
)
\tf@toc=\write3
\openout3 = `"FRIENDS NIGHT.toc"'.



! LaTeX Error: Invalid UTF-8 byte sequence (ón\textbfFriends Night).

See the LaTeX manual or LaTeX Companion for explanation.
Type  H <return>  for immediate help.
 ...                                              
                                                  
l.24 ...es de la aplicación \textbf{Friends Night}
                                                   son:
The document does not appear to be in UTF-8 encoding.
Try adding \UseRawInputEncoding as the first line of the file
or specify an encoding such as \usepackage [latin1]{inputenc}
in the document preamble.
Alternatively, save the file in UTF-8 using your editor or another tool


! LaTeX Error: Invalid UTF-8 byte sequence (éne).

See the LaTeX manual or LaTeX Companion for explanation.
Type  H <return>  for immediate help.
 ...                                              
                                                  
l.32 \item Preferencias de géne
                               ros de película
The document does not appear to be in UTF-8 encoding.
Try adding \UseRawInputEncoding as the first line of the file
or specify an encoding such as \usepackage [latin1]{inputenc}
in the document preamble.
Alternatively, save the file in UTF-8 using your editor or another tool


! LaTeX Error: Invalid UTF-8 byte sequence (ícu).

See the LaTeX manual or LaTeX Companion for explanation.
Type  H <return>  for immediate help.
 ...                                              
                                                  
l.32 \item Preferencias de géneros de pelícu
                                            la
The document does not appear to be in UTF-8 encoding.
Try adding \UseRawInputEncoding as the first line of the file
or specify an encoding such as \usepackage [latin1]{inputenc}
in the document preamble.
Alternatively, save the file in UTF-8 using your editor or another tool

[2]

! LaTeX Error: Invalid UTF-8 byte sequence (écn).

See the LaTeX manual or LaTeX Companion for explanation.
Type  H <return>  for immediate help.
 ...                                              
                                                  
l.33 ... Enviar queja o comentario al soporte técn
                                                  ico
The document does not appear to be in UTF-8 encoding.
Try adding \UseRawInputEncoding as the first line of the file
or specify an encoding such as \usepackage [latin1]{inputenc}
in the document preamble.
Alternatively, save the file in UTF-8 using your editor or another tool


! LaTeX Error: Invalid UTF-8 byte sequence (ías).

See the LaTeX manual or LaTeX Companion for explanation.
Type  H <return>  for immediate help.
 ...                                              
                                                  
l.36 \item Buscar juegos por categorías
                                       
The document does not appear to be in UTF-8 encoding.
Try adding \UseRawInputEncoding as the first line of the file
or specify an encoding such as \usepackage [latin1]{inputenc}
in the document preamble.
Alternatively, save the file in UTF-8 using your editor or another tool


! LaTeX Error: Invalid UTF-8 byte sequence (ía)).

See the LaTeX manual or LaTeX Companion for explanation.
Type  H <return>  for immediate help.
 ...                                              
                                                  
l.50 ...usuarios no acostumbrados a la tecnología)
                                                  ;
The document does not appear to be in UTF-8 encoding.
Try adding \UseRawInputEncoding as the first line of the file
or specify an encoding such as \usepackage [latin1]{inputenc}
in the document preamble.
Alternatively, save the file in UTF-8 using your editor or another tool

[3]

! LaTeX Error: Invalid UTF-8 byte sequence (ónno).

See the LaTeX manual or LaTeX Companion for explanation.
Type  H <return>  for immediate help.
 ...                                              
                                                  
l.66 \item La aplicación no
                            debe tardar mucho tiempo en conectar a los jugad...

The document does not appear to be in UTF-8 encoding.
Try adding \UseRawInputEncoding as the first line of the file
or specify an encoding such as \usepackage [latin1]{inputenc}
in the document preamble.
Alternatively, save the file in UTF-8 using your editor or another tool


! LaTeX Error: Invalid UTF-8 byte sequence (áre).

See the LaTeX manual or LaTeX Companion for explanation.
Type  H <return>  for immediate help.
 ...                                              
                                                  
l.71 \item Mostrar desde el áre
                               a de descarga la compatibilidad con dispositi...

The document does not appear to be in UTF-8 encoding.
Try adding \UseRawInputEncoding as the first line of the file
or specify an encoding such as \usepackage [latin1]{inputenc}
in the document preamble.
Alternatively, save the file in UTF-8 using your editor or another tool


! LaTeX Error: Invalid UTF-8 byte sequence (ñosd).

See the LaTeX manual or LaTeX Companion for explanation.
Type  H <return>  for immediate help.
 ...                                              
                                                  
l.76 ...021.3.8f LTS con mantenimiento de 3 años d
                                                  esde que salió
The document does not appear to be in UTF-8 encoding.
Try adding \UseRawInputEncoding as the first line of the file
or specify an encoding such as \usepackage [latin1]{inputenc}
in the document preamble.
Alternatively, save the file in UTF-8 using your editor or another tool


! LaTeX Error: Invalid UTF-8 byte sequence (ó\endenumerate\par).

See the LaTeX manual or LaTeX Companion for explanation.
Type  H <return>  for immediate help.
 ...                                              
                                                  
l.78 
     
The document does not appear to be in UTF-8 encoding.
Try adding \UseRawInputEncoding as the first line of the file
or specify an encoding such as \usepackage [latin1]{inputenc}
in the document preamble.
Alternatively, save the file in UTF-8 using your editor or another tool


! LaTeX Error: Invalid UTF-8 byte sequence (ági).

See the LaTeX manual or LaTeX Companion for explanation.
Type  H <return>  for immediate help.
 ...                                              
                                                  
l.86 ...los juegos +18 de bebida, tanto en la pági
                                                  na donde se publique el ju...

The document does not appear to be in UTF-8 encoding.
Try adding \UseRawInputEncoding as the first line of the file
or specify an encoding such as \usepackage [latin1]{inputenc}
in the document preamble.
Alternatively, save the file in UTF-8 using your editor or another tool

<DiagramaUsoDeCasoFN.png, id=14, 904.5795pt x 504.08325pt>
File: DiagramaUsoDeCasoFN.png Graphic file (type png)
<use DiagramaUsoDeCasoFN.png>
Package pdftex.def Info: DiagramaUsoDeCasoFN.png  used on input line 95.
(pdftex.def)             Requested size: 507.00119pt x 282.53082pt.

Overfull \hbox (117.00119pt too wide) in paragraph at lines 95--96
[]  
 []


LaTeX Warning: `h' float specifier changed to `ht'.

[4]
Overfull \hbox (2.99124pt too wide) in paragraph at lines 107--108
[]\OT1/cmr/m/n/14.4 El si-guien-te dia-gra-ma de en-ti-dad re-la-cion de \OT1/c
mr/bx/n/14.4 Friends Night
 []

<DiagramaEntidadRelacionFriendsNight.png, id=20, 670.505pt x 471.7625pt>
File: DiagramaEntidadRelacionFriendsNight.png Graphic file (type png)
<use DiagramaEntidadRelacionFriendsNight.png>
Package pdftex.def Info: DiagramaEntidadRelacionFriendsNight.png  used on input
 line 111.
(pdftex.def)             Requested size: 467.99881pt x 329.28128pt.

Overfull \hbox (107.3735pt too wide) in paragraph at lines 111--112
 [] 
 []


! LaTeX Error: \caption outside float.

See the LaTeX manual or LaTeX Companion for explanation.
Type  H <return>  for immediate help.
 ...                                              
                                                  
l.113 	\caption
               {Diagrama de entidad relacion}
You're in trouble here.  Try typing  <return>  to proceed.
If that doesn't work, type  X <return>  to quit.

[5 <./DiagramaUsoDeCasoFN.png>]
<DiagramaDeComponentesFriendsNight.png, id=25, 620.3175pt x 278.84175pt>
File: DiagramaDeComponentesFriendsNight.png Graphic file (type png)
<use DiagramaDeComponentesFriendsNight.png>
Package pdftex.def Info: DiagramaDeComponentesFriendsNight.png  used on input l
ine 125.
(pdftex.def)             Requested size: 467.99881pt x 210.37317pt.

Overfull \hbox (107.3735pt too wide) in paragraph at lines 125--126
 [] 
 []


! LaTeX Error: \caption outside float.

See the LaTeX manual or LaTeX Companion for explanation.
Type  H <return>  for immediate help.
 ...                                              
                                                  
l.127 	\caption
               {Diagrama de componentes}
You're in trouble here.  Try typing  <return>  to proceed.
If that doesn't work, type  X <return>  to quit.

[6 <./DiagramaEntidadRelacionFriendsNight.png>]
<DiagramaDeClasesFriendsNight.png, id=29, 682.34924pt x 300.52275pt>
File: DiagramaDeClasesFriendsNight.png Graphic file (type png)
<use DiagramaDeClasesFriendsNight.png>
Package pdftex.def Info: DiagramaDeClasesFriendsNight.png  used on input line 1
40.
(pdftex.def)             Requested size: 467.99881pt x 206.11821pt.

Overfull \hbox (107.3735pt too wide) in paragraph at lines 140--141
 [] 
 []


! LaTeX Error: \caption outside float.

See the LaTeX manual or LaTeX Companion for explanation.
Type  H <return>  for immediate help.
 ...                                              
                                                  
l.142 	\caption
               {Diagrama de clases}
You're in trouble here.  Try typing  <return>  to proceed.
If that doesn't work, type  X <return>  to quit.

[7 <./DiagramaDeComponentesFriendsNight.png>]
<DSFNBuscarJuego.png, id=35, 990.70125pt x 364.36125pt>
File: DSFNBuscarJuego.png Graphic file (type png)
<use DSFNBuscarJuego.png>
Package pdftex.def Info: DSFNBuscarJuego.png  used on input line 157.
(pdftex.def)             Requested size: 467.99881pt x 172.12268pt.

Overfull \hbox (107.3735pt too wide) in paragraph at lines 157--158
 [] 
 []


! LaTeX Error: \caption outside float.

See the LaTeX manual or LaTeX Companion for explanation.
Type  H <return>  for immediate help.
 ...                                              
                                                  
l.159 	\caption
               {Diagrama de secuencia para buscar un juego}
You're in trouble here.  Try typing  <return>  to proceed.
If that doesn't work, type  X <return>  to quit.

[8 <./DiagramaDeClasesFriendsNight.png>]
<DFFNBuscarJuego.jpg, id=40, 242.9075pt x 785.93625pt>
File: DFFNBuscarJuego.jpg Graphic file (type jpg)
<use DFFNBuscarJuego.jpg>
Package pdftex.def Info: DFFNBuscarJuego.jpg  used on input line 165.
(pdftex.def)             Requested size: 155.99762pt x 504.73637pt.


! LaTeX Error: \caption outside float.

See the LaTeX manual or LaTeX Companion for explanation.
Type  H <return>  for immediate help.
 ...                                              
                                                  
l.167 	\caption
               {Diagrama de flujo para buscar un juego}
You're in trouble here.  Try typing  <return>  to proceed.
If that doesn't work, type  X <return>  to quit.

[9 <./DSFNBuscarJuego.png>] [10 <./DFFNBuscarJuego.jpg>]
<DSFNCrearYEditarPerfil.png, id=48, 810.6285pt x 310.15875pt>
File: DSFNCrearYEditarPerfil.png Graphic file (type png)
<use DSFNCrearYEditarPerfil.png>
Package pdftex.def Info: DSFNCrearYEditarPerfil.png  used on input line 178.
(pdftex.def)             Requested size: 507.00119pt x 193.98598pt.

Overfull \hbox (117.00119pt too wide) in paragraph at lines 178--179
[]  
 []

<DFFNCrearYEditarPerfil.jpg, id=49, 232.87pt x 755.82375pt>
File: DFFNCrearYEditarPerfil.jpg Graphic file (type jpg)
<use DFFNCrearYEditarPerfil.jpg>
Package pdftex.def Info: DFFNCrearYEditarPerfil.jpg  used on input line 187.
(pdftex.def)             Requested size: 155.99762pt x 506.34161pt.

! LaTeX Error: \caption outside float.

See the LaTeX manual or LaTeX Companion for explanation.
Type  H <return>  for immediate help.
 ...                                              
                                                  
l.189 	\caption
               {Diagrama de flujo para crear y editar un perfil nuevo}
You're in trouble here.  Try typing  <return>  to proceed.
If that doesn't work, type  X <return>  to quit.

[11 <./DSFNCrearYEditarPerfil.png>] [12 <./DFFNCrearYEditarPerfil.jpg>]
<DSFNEditarPerfil.png, id=57, 1007.56425pt x 286.671pt>
File: DSFNEditarPerfil.png Graphic file (type png)
<use DSFNEditarPerfil.png>
Package pdftex.def Info: DSFNEditarPerfil.png  used on input line 201.
(pdftex.def)             Requested size: 467.99881pt x 133.15628pt.

Overfull \hbox (77.99881pt too wide) in paragraph at lines 201--202
[]  
 []

<DFFNEditarPerfil.jpg, id=58, 242.9075pt x 996.72375pt>
File: DFFNEditarPerfil.jpg Graphic file (type jpg)
<use DFFNEditarPerfil.jpg>
Package pdftex.def Info: DFFNEditarPerfil.jpg  used on input line 210.
(pdftex.def)             Requested size: 117.00119pt x 480.07973pt.

! LaTeX Error: \caption outside float.

See the LaTeX manual or LaTeX Companion for explanation.
Type  H <return>  for immediate help.
 ...                                              
                                                  
l.212 	\caption
               {Diagrama de flujo para editar un perfil ya existente}
You're in trouble here.  Try typing  <return>  to proceed.
If that doesn't work, type  X <return>  to quit.

[13 <./DSFNEditarPerfil.png>]
<DSFNElegirJuego.png, id=64, 1007.56425pt x 232.4685pt>
File: DSFNElegirJuego.png Graphic file (type png)
<use DSFNElegirJuego.png>
Package pdftex.def Info: DSFNElegirJuego.png  used on input line 225.
(pdftex.def)             Requested size: 507.00119pt x 116.97887pt.

Overfull \hbox (117.00119pt too wide) in paragraph at lines 225--226
[]  
 []


LaTeX Warning: `h' float specifier changed to `ht'.

<DFFNElegirJuego.jpg, id=65, 222.8325pt x 1107.13625pt>
File: DFFNElegirJuego.jpg Graphic file (type jpg)
<use DFFNElegirJuego.jpg>
Package pdftex.def Info: DFFNElegirJuego.jpg  used on input line 234.
(pdftex.def)             Requested size: 77.99881pt x 387.53728pt.

! LaTeX Error: \caption outside float.

See the LaTeX manual or LaTeX Companion for explanation.
Type  H <return>  for immediate help.
 ...                                              
                                                  
l.236 	\caption
               {Diagrama de flujo para elegir un juego}
You're in trouble here.  Try typing  <return>  to proceed.
If that doesn't work, type  X <return>  to quit.

[14 <./DFFNEditarPerfil.jpg>]
Overfull \vbox (12.84946pt too high) has occurred while \output is active []


[15 <./DSFNElegirJuego.png> <./DFFNElegirJuego.jpg>]
<DSFNEditarAjustes.png, id=73, 889.52325pt x 425.1885pt>
File: DSFNEditarAjustes.png Graphic file (type png)
<use DSFNEditarAjustes.png>
Package pdftex.def Info: DSFNEditarAjustes.png  used on input line 248.
(pdftex.def)             Requested size: 390.0pt x 186.42175pt.

Overfull \hbox (29.3747pt too wide) in paragraph at lines 248--249
 [] 
 []


! LaTeX Error: \caption outside float.

See the LaTeX manual or LaTeX Companion for explanation.
Type  H <return>  for immediate help.
 ...                                              
                                                  
l.250 	\caption
               {Diagrama de secuencia para editar las opciones en configurac...

You're in trouble here.  Try typing  <return>  to proceed.
If that doesn't work, type  X <return>  to quit.

<DFFNEditarAjustes.jpeg, id=74, 159.59625pt x 566.115pt>
File: DFFNEditarAjustes.jpeg Graphic file (type jpg)
<use DFFNEditarAjustes.jpeg>
Package pdftex.def Info: DFFNEditarAjustes.jpeg  used on input line 256.
(pdftex.def)             Requested size: 155.99762pt x 553.35498pt.

! LaTeX Error: \caption outside float.

See the LaTeX manual or LaTeX Companion for explanation.
Type  H <return>  for immediate help.
 ...                                              
                                                  
l.258 	\caption
               {Diagrama de flujo para editar las opciones en configuracion}
You're in trouble here.  Try typing  <return>  to proceed.
If that doesn't work, type  X <return>  to quit.

[16 <./DSFNEditarAjustes.png>]
Overfull \vbox (4.85498pt too high) has occurred while \output is active []


[17 <./DFFNEditarAjustes.jpeg>]
<DSFNRegresarAMenu.png, id=82, 389.65575pt x 347.49825pt>
File: DSFNRegresarAMenu.png Graphic file (type png)
<use DSFNRegresarAMenu.png>
Package pdftex.def Info: DSFNRegresarAMenu.png  used on input line 270.
(pdftex.def)             Requested size: 350.99762pt x 313.04245pt.


! LaTeX Error: \caption outside float.

See the LaTeX manual or LaTeX Companion for explanation.
Type  H <return>  for immediate help.
 ...                                              
                                                  
l.272 	\caption
               {Diagrama de secuencia para regresar al menu principal}
You're in trouble here.  Try typing  <return>  to proceed.
If that doesn't work, type  X <return>  to quit.

<DFFNRegresarAMenu.jpeg, id=83, 144.54pt x 340.27126pt>
File: DFFNRegresarAMenu.jpeg Graphic file (type jpg)
<use DFFNRegresarAMenu.jpeg>
Package pdftex.def Info: DFFNRegresarAMenu.jpeg  used on input line 279.
(pdftex.def)             Requested size: 155.99762pt x 367.2642pt.

! LaTeX Error: \caption outside float.

See the LaTeX manual or LaTeX Companion for explanation.
Type  H <return>  for immediate help.
 ...                                              
                                                  
l.281 	\caption
               {Diagrama de flujo para regresar al menu principal}
You're in trouble here.  Try typing  <return>  to proceed.
If that doesn't work, type  X <return>  to quit.

[18 <./DSFNRegresarAMenu.png>]
<DSFNContactarSoporte.png, id=88, 802.79926pt x 237.2865pt>
File: DSFNContactarSoporte.png Graphic file (type png)
<use DSFNContactarSoporte.png>
Package pdftex.def Info: DSFNContactarSoporte.png  used on input line 294.
(pdftex.def)             Requested size: 507.00119pt x 149.85696pt.

Overfull \hbox (117.00119pt too wide) in paragraph at lines 294--295
[]  
 []


LaTeX Warning: `h' float specifier changed to `ht'.

<DFFNContactarSoporte.jpg, id=89, 232.87pt x 1378.14874pt>
File: DFFNContactarSoporte.jpg Graphic file (type jpg)
<use DFFNContactarSoporte.jpg>
Package pdftex.def Info: DFFNContactarSoporte.jpg  used on input line 302.
(pdftex.def)             Requested size: 77.99881pt x 461.60384pt.

! LaTeX Error: \caption outside float.

See the LaTeX manual or LaTeX Companion for explanation.
Type  H <return>  for immediate help.
 ...                                              
                                                  
l.304 	\caption
               {Diagrama de flujo para contactar a soporte}
You're in trouble here.  Try typing  <return>  to proceed.
If that doesn't work, type  X <return>  to quit.

[19 <./DFFNRegresarAMenu.jpeg>]
Overfull \vbox (119.79411pt too high) has occurred while \output is active []


[20 <./DSFNContactarSoporte.png> <./DFFNContactarSoporte.jpg>]

! LaTeX Error: \begin{enumerate} on input line 75 ended by \end{center}.

See the LaTeX manual or LaTeX Companion for explanation.
Type  H <return>  for immediate help.
 ...                                              
                                                  
l.306 \end{center}
                  
Your command was ignored.
Type  I <command> <return>  to replace it with another command,
or  <return>  to continue without it.

<DSFNAdvinaFrame.png, id=98, 974.4405pt x 454.69875pt>
File: DSFNAdvinaFrame.png Graphic file (type png)
<use DSFNAdvinaFrame.png>
Package pdftex.def Info: DSFNAdvinaFrame.png  used on input line 317.
(pdftex.def)             Requested size: 507.00119pt x 236.57652pt.

Overfull \hbox (117.00119pt too wide) in paragraph at lines 317--318
 [] 
 []


! LaTeX Error: \caption outside float.

See the LaTeX manual or LaTeX Companion for explanation.
Type  H <return>  for immediate help.
 ...                                              
                                                  
l.319 	\caption
               {Diagrama de secuencia para jugar Adivina Frame}
You're in trouble here.  Try typing  <return>  to proceed.
If that doesn't work, type  X <return>  to quit.

<DFFNAdvinaFrame.jpg, id=99, 679.53876pt x 1428.33624pt>
File: DFFNAdvinaFrame.jpg Graphic file (type jpg)
<use DFFNAdvinaFrame.jpg>
Package pdftex.def Info: DFFNAdvinaFrame.jpg  used on input line 325.
(pdftex.def)             Requested size: 272.99881pt x 573.80898pt.

! LaTeX Error: \caption outside float.

See the LaTeX manual or LaTeX Companion for explanation.
Type  H <return>  for immediate help.
 ...                                              
                                                  
l.327 	\caption
               {Diagrama de flujo para jugar Adivina Frame}
You're in trouble here.  Try typing  <return>  to proceed.
If that doesn't work, type  X <return>  to quit.

[21 <./DSFNAdvinaFrame.png>]
Overfull \vbox (25.30898pt too high) has occurred while \output is active []


[22 <./DFFNAdvinaFrame.jpg>]
<DSFNDescripcionEnPocasPalabras.png, id=107, 1031.052pt x 505.28775pt>
File: DSFNDescripcionEnPocasPalabras.png Graphic file (type png)
<use DSFNDescripcionEnPocasPalabras.png>
Package pdftex.def Info: DSFNDescripcionEnPocasPalabras.png  used on input line
 338.
(pdftex.def)             Requested size: 503.09738pt x 246.5523pt.

Overfull \hbox (113.09738pt too wide) in paragraph at lines 338--339
 [] 
 []


! LaTeX Error: \caption outside float.

See the LaTeX manual or LaTeX Companion for explanation.
Type  H <return>  for immediate help.
 ...                                              
                                                  
l.340 	\caption
               {Diagrama de secuencia para jugar descripcion en pocas palabras}

You're in trouble here.  Try typing  <return>  to proceed.
If that doesn't work, type  X <return>  to quit.

<DFFNDescripcionEnPocasPalabras.jpg, id=108, 559.08875pt x 1398.22375pt>
File: DFFNDescripcionEnPocasPalabras.jpg Graphic file (type jpg)
<use DFFNDescripcionEnPocasPalabras.jpg>
Package pdftex.def Info: DFFNDescripcionEnPocasPalabras.jpg  used on input line
 345.
(pdftex.def)             Requested size: 218.39905pt x 546.20116pt.

! LaTeX Error: \caption outside float.

See the LaTeX manual or LaTeX Companion for explanation.
Type  H <return>  for immediate help.
 ...                                              
                                                  
l.347 	\caption
               {Diagrama de flujo para jugar descripcion en pocas palabras}
You're in trouble here.  Try typing  <return>  to proceed.
If that doesn't work, type  X <return>  to quit.

[23 <./DSFNDescripcionEnPocasPalabras.png>] [24 <./DFFNDescripcionEnPocasPalabr
as.jpg>]
<DSFNMimica.png, id=116, 1028.643pt x 514.3215pt>
File: DSFNMimica.png Graphic file (type png)
<use DSFNMimica.png>
Package pdftex.def Info: DSFNMimica.png  used on input line 358.
(pdftex.def)             Requested size: 503.09738pt x 251.54887pt.

Overfull \hbox (113.09738pt too wide) in paragraph at lines 358--359
 [] 
 []


! LaTeX Error: \caption outside float.

See the LaTeX manual or LaTeX Companion for explanation.
Type  H <return>  for immediate help.
 ...                                              
                                                  
l.360 	\caption
               {Diagrama de secuencia para jugar Mimica}
You're in trouble here.  Try typing  <return>  to proceed.
If that doesn't work, type  X <return>  to quit.

<DFFNMimica.jpg, id=117, 559.08875pt x 1498.59875pt>
File: DFFNMimica.jpg Graphic file (type jpg)
<use DFFNMimica.jpg>
Package pdftex.def Info: DFFNMimica.jpg  used on input line 366.
(pdftex.def)             Requested size: 195.0pt x 522.68808pt.

! LaTeX Error: \caption outside float.

See the LaTeX manual or LaTeX Companion for explanation.
Type  H <return>  for immediate help.
 ...                                              
                                                  
l.368 	\caption
               {Diagrama de flujo para jugar Mimica}
You're in trouble here.  Try typing  <return>  to proceed.
If that doesn't work, type  X <return>  to quit.

[25 <./DSFNMimica.png>] [26 <./DFFNMimica.jpg>]
<DSFNNombreClave.png, id=126, 975.645pt x 483.0045pt>
File: DSFNNombreClave.png Graphic file (type png)
<use DSFNNombreClave.png>
Package pdftex.def Info: DSFNNombreClave.png  used on input line 379.
(pdftex.def)             Requested size: 503.09738pt x 249.06331pt.

Overfull \hbox (113.09738pt too wide) in paragraph at lines 379--380
 [] 
 []


! LaTeX Error: \caption outside float.

See the LaTeX manual or LaTeX Companion for explanation.
Type  H <return>  for immediate help.
 ...                                              
                                                  
l.381 	\caption
               {Diagrama de secuencia para jugar Nombre Clave}
You're in trouble here.  Try typing  <return>  to proceed.
If that doesn't work, type  X <return>  to quit.

<DFFNNombreClave.jpg, id=127, 619.31375pt x 1659.19875pt>
File: DFFNNombreClave.jpg Graphic file (type jpg)
<use DFFNNombreClave.jpg>
Package pdftex.def Info: DFFNNombreClave.jpg  used on input line 387.
(pdftex.def)             Requested size: 195.0pt x 522.42252pt.

! LaTeX Error: \caption outside float.

See the LaTeX manual or LaTeX Companion for explanation.
Type  H <return>  for immediate help.
 ...                                              
                                                  
l.389 	\caption
               {Diagrama de flujo para jugar Nombre Clave}
You're in trouble here.  Try typing  <return>  to proceed.
If that doesn't work, type  X <return>  to quit.

[27 <./DSFNNombreClave.png>] [28 <./DFFNNombreClave.jpg>]
<DSFNElegirPerfil.png, id=135, 1018.40475pt x 320.99925pt>
File: DSFNElegirPerfil.png Graphic file (type png)
<use DSFNElegirPerfil.png>
Package pdftex.def Info: DSFNElegirPerfil.png  used on input line 402.
(pdftex.def)             Requested size: 507.00119pt x 159.8086pt.

Overfull \hbox (117.00119pt too wide) in paragraph at lines 402--403
[]  
 []

<DFFNEleccionPerfil.jpg, id=136, 192.72pt x 755.82375pt>
File: DFFNEleccionPerfil.jpg Graphic file (type jpg)
<use DFFNEleccionPerfil.jpg>
Package pdftex.def Info: DFFNEleccionPerfil.jpg  used on input line 411.
(pdftex.def)             Requested size: 117.00119pt x 458.86055pt.

! LaTeX Error: \caption outside float.

See the LaTeX manual or LaTeX Companion for explanation.
Type  H <return>  for immediate help.
 ...                                              
                                                  
l.413 	\caption
               {Diagrama de flujo para elegir el perfil}
You're in trouble here.  Try typing  <return>  to proceed.
If that doesn't work, type  X <return>  to quit.

[29 <./DSFNElegirPerfil.png>] [30 <./DFFNEleccionPerfil.jpg>]
(FRIENDS NIGHT.aux
LaTeX Info: Redefining \. on input line 8.
LaTeX Info: Redefining \% on input line 8.
)
 ***********
LaTeX2e <2023-06-01> patch level 1
L3 programming layer <2023-08-11>
 ***********


LaTeX Warning: There were multiply-defined labels.

 ) 
Here is how much of TeX's memory you used:
 3155 strings out of 475503
 56343 string characters out of 5761834
 1923248 words of memory out of 5000000
 24428 multiletter control sequences out of 15000+600000
 563584 words of font info for 54 fonts, out of 8000000 for 9000
 1141 hyphenation exceptions out of 8191
 57i,6n,65p,206b,377s stack positions out of 10000i,1000n,20000p,200000b,200000s
<C:/Users/luise/AppData/Local/Programs/MiKTeX/fonts/type1/public/amsfonts/cm/
cmbx12.pfb><C:/Users/luise/AppData/Local/Programs/MiKTeX/fonts/type1/public/ams
fonts/cm/cmr12.pfb><C:/Users/luise/AppData/Local/Programs/MiKTeX/fonts/type1/pu
blic/amsfonts/cm/cmr17.pfb><C:/Users/luise/AppData/Local/Programs/MiKTeX/fonts/
type1/public/amsfonts/cm/cmti12.pfb>
Output written on "FRIENDS NIGHT.pdf" (30 pages, 3322427 bytes).
PDF statistics:
 162 PDF objects out of 1000 (max. 8388607)
 0 named destinations out of 1000 (max. 500000)
 141 words of extra memory for PDF output out of 10000 (max. 10000000)

